This is pdfTeX, Version 3.1415926-1.40.11 (TeX Live 2010) (format=pdflatex 2010.7.21)  2 DEC 2013 17:50
entering extended mode
 restricted \write18 enabled.
 %&-line parsing enabled.
**mythesis
(./mythesis.tex
LaTeX2e <2009/09/24>
Babel <v3.8l> and hyphenation patterns for english, dumylang, nohyphenation, ge
rman-x-2009-06-19, ngerman-x-2009-06-19, ancientgreek, ibycus, arabic, armenian
, basque, bulgarian, catalan, pinyin, coptic, croatian, czech, danish, dutch, u
kenglish, usenglishmax, esperanto, estonian, farsi, finnish, french, galician, 
german, ngerman, swissgerman, monogreek, greek, hungarian, icelandic, assamese,
 bengali, gujarati, hindi, kannada, malayalam, marathi, oriya, panjabi, tamil, 
telugu, indonesian, interlingua, irish, italian, kurmanji, lao, latin, latvian,
 lithuanian, mongolian, mongolianlmc, bokmal, nynorsk, polish, portuguese, roma
nian, russian, sanskrit, serbian, slovak, slovenian, spanish, swedish, turkish,
 turkmen, ukrainian, uppersorbian, welsh, loaded.
(./mythesis.cls

LaTeX Warning: You have requested document class `mythesis',
               but the document class provides `thesis'.

Document Class: thesis 
(/usr/local/texlive/2010/texmf-dist/tex/latex/hepthesis/hepthesis.cls
Document Class: hepthesis 2010/05/27 HEP thesis class by Andy Buckley (v1.4.3)
(/usr/local/texlive/2010/texmf-dist/tex/latex/koma-script/scrbook.cls
Document Class: scrbook 2010/06/17 v3.06 KOMA-Script document class (book)
(/usr/local/texlive/2010/texmf-dist/tex/latex/koma-script/scrkbase.sty
Package: scrkbase 2010/06/17 v3.06 KOMA-Script package (KOMA-Script-dependent b
asics and keyval usage)

(/usr/local/texlive/2010/texmf-dist/tex/latex/koma-script/scrbase.sty
Package: scrbase 2010/06/17 v3.06 KOMA-Script package (KOMA-Script-independent 
basics and keyval usage)

(/usr/local/texlive/2010/texmf-dist/tex/latex/graphics/keyval.sty
Package: keyval 1999/03/16 v1.13 key=value parser (DPC)
\KV@toks@=\toks14
)
(/usr/local/texlive/2010/texmf-dist/tex/latex/koma-script/scrlfile.sty
Package: scrlfile 2009/03/25 v3.03 KOMA-Script package (loading files)

Package scrlfile, 2009/03/25 v3.03 KOMA-Script package (loading files)
                  Copyright (C) Markus Kohm

))) (/usr/local/texlive/2010/texmf-dist/tex/latex/koma-script/tocbasic.sty
Package: tocbasic 2010/06/09 v3.06 KOMA-Script package (handling toc-files)
)
Package tocbasic Info: omitting babel extension for `toc'
(tocbasic)             because of feature `nobabel' available
(tocbasic)             for `toc' on input line 117.
Package tocbasic Info: omitting babel extension for `lof'
(tocbasic)             because of feature `nobabel' available
(tocbasic)             for `lof' on input line 118.
Package tocbasic Info: omitting babel extension for `lot'
(tocbasic)             because of feature `nobabel' available
(tocbasic)             for `lot' on input line 119.
Class scrbook Info: You've used standard option `oneside'.
(scrbook)           This is correct!
(scrbook)           Internally I'm using `twoside=false'.
(scrbook)           If you'd like to set the option with \KOMAoptions,
(scrbook)           you'd have to use `twoside=false' there
(scrbook)           instead of `oneside', too.
Package scrbook Info: You've used obsolete option `12pt'.
(scrbook)             \KOMAExecuteOptions{fontsize=12pt} will be
(scrbook)             used instead.
(scrbook)             You may simply replace `12pt'
(scrbook)             by `fontsize=12pt'.
Class scrbook Info: File `scrsize12pt.clo' used to setup font sizes on input li
ne 1310.

(/usr/local/texlive/2010/texmf-dist/tex/latex/koma-script/scrsize12pt.clo
File: scrsize12pt.clo 2010/06/17 v3.06 KOMA-Script font size class option (12pt
)
)
(/usr/local/texlive/2010/texmf-dist/tex/latex/koma-script/typearea.sty
Package: typearea 2010/06/17 v3.06 KOMA-Script package (type area)

Package typearea, 2010/06/17 v3.06 KOMA-Script package (type area)
                  Copyright (C) Frank Neukam, 1992-1994
                  Copyright (C) Markus Kohm, 1994-

\ta@bcor=\skip41
\ta@div=\count79
\ta@hblk=\skip42
\ta@vblk=\skip43
\ta@temp=\skip44
Package typearea Info: These are the values describing the layout:
(typearea)             DIV  = 12
(typearea)             BCOR = 0.0pt
(typearea)             \paperwidth      = 597.50793pt
(typearea)              \textwidth      = 448.13095pt
(typearea)              DIV departure   = -6%
(typearea)              \evensidemargin = 2.4185pt
(typearea)              \oddsidemargin  = 2.4185pt
(typearea)             \paperheight     = 845.04694pt
(typearea)              \textheight     = 635.5pt
(typearea)              \topmargin      = -41.72441pt
(typearea)              \headheight     = 18.125pt
(typearea)              \headsep        = 21.75pt
(typearea)              \topskip        = 12.0pt
(typearea)              \footskip       = 50.75pt
(typearea)              \baselineskip   = 14.5pt
(typearea)              on input line 1133.
)
\c@part=\count80
\c@chapter=\count81
\c@section=\count82
\c@subsection=\count83
\c@subsubsection=\count84
\c@paragraph=\count85
\c@subparagraph=\count86
\abovecaptionskip=\skip45
\belowcaptionskip=\skip46
\c@pti@nb@sid@b@x=\box26
\c@figure=\count87
\c@table=\count88
\bibindent=\dimen102
) (/usr/local/texlive/2010/texmf-dist/tex/latex/microtype/microtype.sty
Package: microtype 2010/01/10 v2.4 Micro-typography with pdfTeX (RS)
\MT@toks=\toks15
\MT@count=\count89
LaTeX Info: Redefining \lsstyle on input line 1597.
LaTeX Info: Redefining \lslig on input line 1597.
\MT@outer@space=\skip47
LaTeX Info: Redefining \textls on input line 1605.
\MT@outer@kern=\dimen103
LaTeX Info: Redefining \textmicrotypecontext on input line 2156.
Package microtype Info: Loading configuration file microtype.cfg.

(/usr/local/texlive/2010/texmf-dist/tex/latex/microtype/microtype.cfg
File: microtype.cfg 2010/01/10 v2.4 microtype main configuration file (RS)
))
(/usr/local/texlive/2010/texmf-dist/tex/latex/changepage/changepage.sty
Package: changepage 2009/10/20 v1.0c check page and change page layout
\c@cp@cntr=\count90
\cp@tempcnt=\count91
)
(./varwidth.sty
Package: varwidth 2003/03/10 ver 0.9a;  Variable-width minipages
\@vwid@box=\box27
\sift@deathcycles=\count92
\@vwid@loff=\dimen104
\@vwid@roff=\dimen105
)
(/usr/local/texlive/2010/texmf-dist/tex/latex/amsmath/amsmath.sty
Package: amsmath 2000/07/18 v2.13 AMS math features
\@mathmargin=\skip48

For additional information on amsmath, use the `?' option.
(/usr/local/texlive/2010/texmf-dist/tex/latex/amsmath/amstext.sty
Package: amstext 2000/06/29 v2.01

(/usr/local/texlive/2010/texmf-dist/tex/latex/amsmath/amsgen.sty
File: amsgen.sty 1999/11/30 v2.0
\@emptytoks=\toks16
\ex@=\dimen106
))
(/usr/local/texlive/2010/texmf-dist/tex/latex/amsmath/amsbsy.sty
Package: amsbsy 1999/11/29 v1.2d
\pmbraise@=\dimen107
)
(/usr/local/texlive/2010/texmf-dist/tex/latex/amsmath/amsopn.sty
Package: amsopn 1999/12/14 v2.01 operator names
)
\inf@bad=\count93
LaTeX Info: Redefining \frac on input line 211.
\uproot@=\count94
\leftroot@=\count95
LaTeX Info: Redefining \overline on input line 307.
\classnum@=\count96
\DOTSCASE@=\count97
LaTeX Info: Redefining \ldots on input line 379.
LaTeX Info: Redefining \dots on input line 382.
LaTeX Info: Redefining \cdots on input line 467.
\Mathstrutbox@=\box28
\strutbox@=\box29
\big@size=\dimen108
LaTeX Font Info:    Redeclaring font encoding OML on input line 567.
LaTeX Font Info:    Redeclaring font encoding OMS on input line 568.
\macc@depth=\count98
\c@MaxMatrixCols=\count99
\dotsspace@=\muskip10
\c@parentequation=\count100
\dspbrk@lvl=\count101
\tag@help=\toks17
\row@=\count102
\column@=\count103
\maxfields@=\count104
\andhelp@=\toks18
\eqnshift@=\dimen109
\alignsep@=\dimen110
\tagshift@=\dimen111
\tagwidth@=\dimen112
\totwidth@=\dimen113
\lineht@=\dimen114
\@envbody=\toks19
\multlinegap=\skip49
\multlinetaggap=\skip50
\mathdisplay@stack=\toks20
LaTeX Info: Redefining \[ on input line 2666.
LaTeX Info: Redefining \] on input line 2667.
)
Package scrkbase Info: You've told me to extend the font selection of the
(scrkbase)             element `sectioning' that is an alias of element
(scrkbase)             `disposition' on input line 245.

(/usr/local/texlive/2010/texmf-dist/tex/latex/booktabs/booktabs.sty
Package: booktabs 2005/04/14 v1.61803 publication quality tables
\heavyrulewidth=\dimen115
\lightrulewidth=\dimen116
\cmidrulewidth=\dimen117
\belowrulesep=\dimen118
\belowbottomsep=\dimen119
\aboverulesep=\dimen120
\abovetopsep=\dimen121
\cmidrulesep=\dimen122
\cmidrulekern=\dimen123
\defaultaddspace=\dimen124
\@cmidla=\count105
\@cmidlb=\count106
\@aboverulesep=\dimen125
\@belowrulesep=\dimen126
\@thisruleclass=\count107
\@lastruleclass=\count108
\@thisrulewidth=\dimen127
)
(./lineno.sty
Package: lineno 2005/11/02 line numbers on paragraphs v4.41
\linenopenalty=\count109
\output=\toks21
\linenoprevgraf=\count110
\linenumbersep=\dimen128
\linenumberwidth=\dimen129
\c@linenumber=\count111
\c@pagewiselinenumber=\count112
\c@LN@truepage=\count113
\c@internallinenumber=\count114
\c@internallinenumbers=\count115
\quotelinenumbersep=\dimen130
\bframerule=\dimen131
\bframesep=\dimen132
\bframebox=\box30
LaTeX Info: Redefining \\ on input line 3056.
)
(/usr/local/texlive/2010/texmf-dist/tex/latex/draftcopy/draftcopy.sty
Package: draftcopy 2002/02/25 v2.16
\draftcopy@hour=\count116
\draftcopy@minute=\count117

(/usr/local/texlive/2010/texmf-dist/tex/latex/draftcopy/draftcopy.cfg)
Prints DRAFT on pages; does not show in your DVI viewer
) (/usr/local/texlive/2010/texmf-dist/tex/latex/setspace/setspace.sty
Package: setspace 2000/12/01 6.7 Contributed and Supported LaTeX2e package

Package: `setspace' 6.7 <2000/12/01>
) (/usr/local/texlive/2010/texmf-dist/tex/latex/fancyhdr/fancyhdr.sty
\fancy@headwidth=\skip51
\f@ncyO@elh=\skip52
\f@ncyO@erh=\skip53
\f@ncyO@olh=\skip54
\f@ncyO@orh=\skip55
\f@ncyO@elf=\skip56
\f@ncyO@erf=\skip57
\f@ncyO@olf=\skip58
\f@ncyO@orf=\skip59
)
(/usr/local/texlive/2010/texmf-dist/tex/latex/tocbibind/tocbibind.sty
Package: tocbibind 2009/12/28 v1.5j extra ToC listings


Package tocbibind Note: The document has chapter divisions.


Package tocbibind Note: Using chapter style headings, unless overridden.

) (/usr/local/texlive/2010/texmf-dist/tex/latex/tools/verbatim.sty
Package: verbatim 2003/08/22 v1.5q LaTeX2e package for verbatim enhancements
\every@verbatim=\toks22
\verbatim@line=\toks23
\verbatim@in@stream=\read1
)
(/usr/local/texlive/2010/texmf-dist/tex/latex/comment/comment.sty
\CommentStream=\write3

Excluding comment 'comment')
(/usr/local/texlive/2010/texmf-dist/tex/latex/rotating/rotating.sty
Package: rotating 2009/03/28 v2.16a rotated objects in LaTeX

(/usr/local/texlive/2010/texmf-dist/tex/latex/graphics/graphicx.sty
Package: graphicx 1999/02/16 v1.0f Enhanced LaTeX Graphics (DPC,SPQR)

(/usr/local/texlive/2010/texmf-dist/tex/latex/graphics/graphics.sty
Package: graphics 2009/02/05 v1.0o Standard LaTeX Graphics (DPC,SPQR)

(/usr/local/texlive/2010/texmf-dist/tex/latex/graphics/trig.sty
Package: trig 1999/03/16 v1.09 sin cos tan (DPC)
)
(/usr/local/texlive/2010/texmf-dist/tex/latex/latexconfig/graphics.cfg
File: graphics.cfg 2010/04/23 v1.9 graphics configuration of TeX Live
)
Package graphics Info: Driver file: pdftex.def on input line 91.

(/usr/local/texlive/2010/texmf-dist/tex/latex/pdftex-def/pdftex.def
File: pdftex.def 2010/02/14 v0.04n Graphics/color for pdfTeX
\Gread@gobject=\count118
))
\Gin@req@height=\dimen133
\Gin@req@width=\dimen134
)
(/usr/local/texlive/2010/texmf-dist/tex/latex/base/ifthen.sty
Package: ifthen 2001/05/26 v1.1c Standard LaTeX ifthen package (DPC)
)
\c@r@tfl@t=\count119
\rotFPtop=\skip60
\rotFPbot=\skip61
\rot@float@box=\box31
\rot@mess@toks=\toks24
)
(/usr/local/texlive/2010/texmf-dist/tex/latex/caption/caption.sty
Package: caption 2010/01/09 v3.1m Customizing captions (AR)

(/usr/local/texlive/2010/texmf-dist/tex/latex/caption/caption3.sty
Package: caption3 2010/01/14 v3.1m caption3 kernel (AR)
\captionmargin=\dimen135
\captionmargin@=\dimen136
\captionwidth=\dimen137
\caption@indent=\dimen138
\caption@parindent=\dimen139
\caption@hangindent=\dimen140
)
Package caption Info: KOMA-Script document class.
\c@ContinuedFloat=\count120
Package caption Info: rotating package is loaded.
)
(/usr/local/texlive/2010/texmf-dist/tex/latex/hyperref/hyperref.sty
Package: hyperref 2010/06/18 v6.81g Hypertext links for LaTeX

(/usr/local/texlive/2010/texmf-dist/tex/generic/oberdiek/ltxcmds.sty
Package: ltxcmds 2010/04/26 v1.7 LaTeX kernel commands for general use (HO)
)
(/usr/local/texlive/2010/texmf-dist/tex/generic/oberdiek/kvsetkeys.sty
Package: kvsetkeys 2010/03/01 v1.9 Key value parser (HO)

(/usr/local/texlive/2010/texmf-dist/tex/generic/oberdiek/infwarerr.sty
Package: infwarerr 2010/04/08 v1.3 Providing info/warning/message (HO)
)
(/usr/local/texlive/2010/texmf-dist/tex/generic/oberdiek/etexcmds.sty
Package: etexcmds 2010/01/28 v1.3 Prefix for e-TeX command names (HO)
Package etexcmds Info: Could not find \expanded.
(etexcmds)             That can mean that you are not using pdfTeX 1.50 or
(etexcmds)             that some package has redefined \expanded.
(etexcmds)             In the latter case, load this package earlier.
))
(/usr/local/texlive/2010/texmf-dist/tex/generic/oberdiek/pdfescape.sty
Package: pdfescape 2010/03/01 v1.9 Provides hex, PDF name and string conversion
s (HO)

(/usr/local/texlive/2010/texmf-dist/tex/generic/oberdiek/pdftexcmds.sty
Package: pdftexcmds 2010/04/01 v0.9 Utility functions of pdfTeX for LuaTeX (HO)


(/usr/local/texlive/2010/texmf-dist/tex/generic/oberdiek/ifluatex.sty
Package: ifluatex 2010/03/01 v1.3 Provides the ifluatex switch (HO)
Package ifluatex Info: LuaTeX not detected.
)
Package pdftexcmds Info: LuaTeX not detected.
Package pdftexcmds Info: \pdf@primitive is available.
Package pdftexcmds Info: \pdf@ifprimitive is available.
))
(/usr/local/texlive/2010/texmf-dist/tex/generic/oberdiek/ifpdf.sty
Package: ifpdf 2010/01/28 v2.1 Provides the ifpdf switch (HO)
Package ifpdf Info: pdfTeX in pdf mode detected.
)
(/usr/local/texlive/2010/texmf-dist/tex/generic/oberdiek/ifvtex.sty
Package: ifvtex 2010/03/01 v1.5 Switches for detecting VTeX and its modes (HO)
Package ifvtex Info: VTeX not detected.
)
(/usr/local/texlive/2010/texmf-dist/tex/generic/ifxetex/ifxetex.sty
Package: ifxetex 2009/01/23 v0.5 Provides ifxetex conditional
)
(/usr/local/texlive/2010/texmf-dist/tex/latex/oberdiek/hycolor.sty
Package: hycolor 2009/12/12 v1.6 Color options of hyperref/bookmark (HO)

(/usr/local/texlive/2010/texmf-dist/tex/latex/oberdiek/xcolor-patch.sty
Package: xcolor-patch 2009/12/12 xcolor patch
))
(/usr/local/texlive/2010/texmf-dist/tex/latex/oberdiek/letltxmacro.sty
Package: letltxmacro 2008/06/24 v1.3 Let assignment for LaTeX macros (HO)
)
\@linkdim=\dimen141
\Hy@linkcounter=\count121
\Hy@pagecounter=\count122

(/usr/local/texlive/2010/texmf-dist/tex/latex/hyperref/pd1enc.def
File: pd1enc.def 2010/06/18 v6.81g Hyperref: PDFDocEncoding definition (HO)
)
(/usr/local/texlive/2010/texmf-dist/tex/generic/oberdiek/intcalc.sty
Package: intcalc 2007/09/27 v1.1 Expandable integer calculations (HO)
)
(/usr/local/texlive/2010/texmf-dist/tex/latex/latexconfig/hyperref.cfg
File: hyperref.cfg 2002/06/06 v1.2 hyperref configuration of TeXLive
)
(/usr/local/texlive/2010/texmf-dist/tex/latex/oberdiek/kvoptions.sty
Package: kvoptions 2010/02/22 v3.7 Keyval support for LaTeX options (HO)
)
Package hyperref Info: Option `colorlinks' set `true' on input line 3577.
Package hyperref Info: Option `bookmarks' set `true' on input line 3577.
Package hyperref Info: Option `plainpages' set `false' on input line 3577.
Package hyperref Info: Hyper figures OFF on input line 3658.
Package hyperref Info: Link nesting OFF on input line 3663.
Package hyperref Info: Hyper index ON on input line 3666.
Package hyperref Info: Plain pages OFF on input line 3673.
Package hyperref Info: Backreferencing OFF on input line 3678.

Implicit mode ON; LaTeX internals redefined
Package hyperref Info: Bookmarks ON on input line 3874.
(/usr/local/texlive/2010/texmf-dist/tex/latex/url/url.sty
\Urlmuskip=\muskip11
Package: url 2006/04/12  ver 3.3  Verb mode for urls, etc.
)
LaTeX Info: Redefining \url on input line 4159.

(/usr/local/texlive/2010/texmf-dist/tex/generic/oberdiek/bitset.sty
Package: bitset 2007/09/28 v1.0 Data type bit set (HO)

(/usr/local/texlive/2010/texmf-dist/tex/generic/oberdiek/bigintcalc.sty
Package: bigintcalc 2007/11/11 v1.1 Expandable big integer calculations (HO)
))
\Fld@menulength=\count123
\Field@Width=\dimen142
\Fld@charsize=\dimen143
\Field@toks=\toks25
Package hyperref Info: Hyper figures OFF on input line 5137.
Package hyperref Info: Link nesting OFF on input line 5142.
Package hyperref Info: Hyper index ON on input line 5145.
Package hyperref Info: backreferencing OFF on input line 5152.
Package hyperref Info: Link coloring ON on input line 5155.
Package hyperref Info: Link coloring with OCG OFF on input line 5162.
Package hyperref Info: PDF/A mode OFF on input line 5167.
LaTeX Info: Redefining \ref on input line 5207.
LaTeX Info: Redefining \pageref on input line 5211.

(/usr/local/texlive/2010/texmf-dist/tex/generic/oberdiek/atbegshi.sty
Package: atbegshi 2010/03/25 v1.12 At begin shipout hook (HO)
)
\Hy@abspage=\count124
\c@Item=\count125
\c@Hfootnote=\count126
)
* hyperref using default driver hpdftex *
(/usr/local/texlive/2010/texmf-dist/tex/latex/hyperref/hpdftex.def
File: hpdftex.def 2010/06/18 v6.81g Hyperref driver for pdfTeX

(/usr/local/texlive/2010/texmf-dist/tex/latex/oberdiek/atveryend.sty
Package: atveryend 2010/03/24 v1.5 Hooks at very end of document (HO)
Package atveryend Info: \enddocument detected (standard).
)
\Fld@listcount=\count127
\c@bookmark@seq@number=\count128

(/usr/local/texlive/2010/texmf-dist/tex/latex/oberdiek/rerunfilecheck.sty
Package: rerunfilecheck 2010/03/16 v1.6 Rerun checks for auxiliary files (HO)

(/usr/local/texlive/2010/texmf-dist/tex/generic/oberdiek/uniquecounter.sty
Package: uniquecounter 2009/12/18 v1.1 Provides unlimited unique counter (HO)
)
Package uniquecounter Info: New unique counter `rerunfilecheck' on input line 2
71.
)
\Hy@SectionHShift=\skip62
)
\@bindextramargin=\skip63
\@mainmatterextramargin=\skip64
\@backmatterextramargin=\skip65
\@frontmatterextramargin=\skip66
\@appendixextramargin=\skip67
\@abstractextramargin=\skip68
\@declarationextramargin=\skip69
\@acknowledgementsextramargin=\skip70
\@prefaceextramargin=\skip71
\@pagequoteextramargin=\skip72
\@frontmattertopskip=\skip73
\@frontmattertitletopskip=\skip74
\frontmattertitleskip=\skip75
\smallfigwidth=\skip76
\mediumfigwidth=\skip77
\largefigwidth=\skip78
\hugefigwidth=\skip79
\littlefigwidth=\skip80
\bigfigwidth=\skip81
LaTeX Info: Redefining \contentsname on input line 444.
LaTeX Info: Redefining \bibname on input line 445.
LaTeX Info: Redefining \listfigurename on input line 446.
LaTeX Info: Redefining \listtablename on input line 447.

Special comment 'frontmatter' Special comment 'mainmatter'
Special comment 'appendices' Special comment 'backmatter'
LaTeX Info: Redefining \titlepage on input line 652.
\@oldparindent=\skip82
LaTeX Info: Redefining \dedication on input line 705.
)
LaTeX Info: Redefining \mainmatter on input line 11.

(/usr/local/texlive/2010/texmf-dist/tex/latex/csquotes/csquotes.sty
Package: csquotes 2010/06/09 v5.0a context-sensitive quotations

(/usr/local/texlive/2010/texmf-dist/tex/latex/etoolbox/etoolbox.sty
Package: etoolbox 2010/04/10 v1.9 e-TeX tools for LaTeX

(/usr/local/texlive/2010/texmf-dist/tex/latex/etex-pkg/etex.sty
Package: etex 1998/03/26 v2.0 eTeX basic definition package (PEB)
\et@xins=\count129
)
\etb@tempcnta=\count130
)
\csq@reset=\count131
\csq@gtype=\count132
\csq@glevel=\count133
\csq@qlevel=\count134
\csq@maxlvl=\count135
\csq@tshold=\count136
\csq@ltx@everypar=\toks26

(/usr/local/texlive/2010/texmf-dist/tex/latex/csquotes/csquotes.def
File: csquotes.def 2010/06/02 v5.0 csquotes generic definitions
)
Package csquotes Info: Trying to load configuration file 'csquotes.cfg'...
Package csquotes Info: ... configuration file loaded successfully.

(/usr/local/texlive/2010/texmf-dist/tex/latex/csquotes/csquotes.cfg
File: csquotes.cfg 
)

Package csquotes Warning: Option 'babel' depreciated.
(csquotes)                Using 'autostyle' on input line 2327.

Package csquotes Info: Enabling multilingual quotes.
) (/usr/local/texlive/2010/texmf-dist/tex/latex/cite/cite.sty
LaTeX Info: Redefining \cite on input line 285.
LaTeX Info: Redefining \nocite on input line 356.
Package: cite 2009/08/29  v 5.2
)
(/usr/local/texlive/2010/texmf-dist/tex/latex/jknapltx/mathrsfs.sty
Package: mathrsfs 1996/01/01 Math RSFS package v1.0 (jk)
\symrsfs=\mathgroup4
)
(/usr/local/texlive/2010/texmf-dist/tex/latex/tools/afterpage.sty
Package: afterpage 1995/10/27 v1.08 After-Page Package (DPC)
\AP@output=\toks27
\AP@partial=\box32
\AP@footins=\box33
)
(/usr/local/texlive/2010/texmf-dist/tex/generic/babel/babel.sty
Package: babel 2008/07/06 v3.8l The Babel package

(/usr/local/texlive/2010/texmf-dist/tex/generic/babel/ngermanb.ldf
Language: ngermanb 2008/07/06 v2.6n new German support from the babel system

(/usr/local/texlive/2010/texmf-dist/tex/generic/babel/babel.def
File: babel.def 2008/07/06 v3.8l Babel common definitions
\babel@savecnt=\count137
\U@D=\dimen144
)
\l@naustrian = a dialect from \language\l@ngerman 
Package babel Info: Making " an active character on input line 92.
)
(/usr/local/texlive/2010/texmf-dist/tex/generic/babel/english.ldf
Language: english 2005/03/30 v3.3o English support from the babel system
\l@canadian = a dialect from \language\l@american 
\l@australian = a dialect from \language\l@british 
\l@newzealand = a dialect from \language\l@british 
))
(/usr/local/texlive/2010/texmf-dist/tex/latex/subfig/subfig.sty
Package: subfig 2005/06/28 ver: 1.3 subfig package
\c@KVtest=\count138
\sf@farskip=\skip83
\sf@captopadj=\dimen145
\sf@capskip=\skip84
\sf@nearskip=\skip85
\c@subfigure=\count139
\c@subfigure@save=\count140
\c@lofdepth=\count141
\c@subtable=\count142
\c@subtable@save=\count143
\c@lotdepth=\count144
\sf@top=\skip86
\sf@bottom=\skip87
))
(/usr/local/texlive/2010/texmf-dist/tex/latex/pgf/frontendlayer/tikz.sty
(/usr/local/texlive/2010/texmf-dist/tex/latex/pgf/basiclayer/pgf.sty
(/usr/local/texlive/2010/texmf-dist/tex/latex/pgf/utilities/pgfrcs.sty
(/usr/local/texlive/2010/texmf-dist/tex/generic/pgf/utilities/pgfutil-common.te
x
\pgfutil@everybye=\toks28
)
(/usr/local/texlive/2010/texmf-dist/tex/generic/pgf/utilities/pgfutil-latex.def
) (/usr/local/texlive/2010/texmf-dist/tex/generic/pgf/utilities/pgfrcs.code.tex
Package: pgfrcs 2008/02/20 v2.00 (rcs-revision 1.21)
))
Package: pgf 2008/01/15 v2.00 (rcs-revision 1.12)
 (/usr/local/texlive/2010/texmf-dist/tex/latex/pgf/basiclayer/pgfcore.sty
(/usr/local/texlive/2010/texmf-dist/tex/latex/pgf/systemlayer/pgfsys.sty
(/usr/local/texlive/2010/texmf-dist/tex/generic/pgf/systemlayer/pgfsys.code.tex
Package: pgfsys 2008/02/07 v2.00 (rcs-revision 1.31)
(/usr/local/texlive/2010/texmf-dist/tex/generic/pgf/utilities/pgfkeys.code.tex
\pgfkeys@pathtoks=\toks29
\pgfkeys@temptoks=\toks30
)
\pgf@x=\dimen146
\pgf@y=\dimen147
\pgf@xa=\dimen148
\pgf@ya=\dimen149
\pgf@xb=\dimen150
\pgf@yb=\dimen151
\pgf@xc=\dimen152
\pgf@yc=\dimen153
\c@pgf@counta=\count145
\c@pgf@countb=\count146
\c@pgf@countc=\count147
\c@pgf@countd=\count148
(/usr/local/texlive/2010/texmf-dist/tex/generic/pgf/systemlayer/pgf.cfg
File: pgf.cfg 2008/01/13  (rcs-revision 1.6)
)
Package pgfsys Info: Driver file for pgf: pgfsys-pdftex.def on input line 885.

(/usr/local/texlive/2010/texmf-dist/tex/generic/pgf/systemlayer/pgfsys-pdftex.d
ef
File: pgfsys-pdftex.def 2007/12/20  (rcs-revision 1.20)

(/usr/local/texlive/2010/texmf-dist/tex/generic/pgf/systemlayer/pgfsys-common-p
df.def
File: pgfsys-common-pdf.def 2007/12/17  (rcs-revision 1.8)
)))
(/usr/local/texlive/2010/texmf-dist/tex/generic/pgf/systemlayer/pgfsyssoftpath.
code.tex
File: pgfsyssoftpath.code.tex 2008/01/23  (rcs-revision 1.6)
\pgfsyssoftpath@smallbuffer@items=\count149
\pgfsyssoftpath@bigbuffer@items=\count150
)
(/usr/local/texlive/2010/texmf-dist/tex/generic/pgf/systemlayer/pgfsysprotocol.
code.tex
File: pgfsysprotocol.code.tex 2006/10/16  (rcs-revision 1.4)
)) (/usr/local/texlive/2010/texmf-dist/tex/latex/xcolor/xcolor.sty
Package: xcolor 2007/01/21 v2.11 LaTeX color extensions (UK)

(/usr/local/texlive/2010/texmf-dist/tex/latex/latexconfig/color.cfg
File: color.cfg 2007/01/18 v1.5 color configuration of teTeX/TeXLive
)
Package xcolor Info: Driver file: pdftex.def on input line 225.
Package xcolor Info: Model `cmy' substituted by `cmy0' on input line 1337.
Package xcolor Info: Model `hsb' substituted by `rgb' on input line 1341.
Package xcolor Info: Model `RGB' extended on input line 1353.
Package xcolor Info: Model `HTML' substituted by `rgb' on input line 1355.
Package xcolor Info: Model `Hsb' substituted by `hsb' on input line 1356.
Package xcolor Info: Model `tHsb' substituted by `hsb' on input line 1357.
Package xcolor Info: Model `HSB' substituted by `hsb' on input line 1358.
Package xcolor Info: Model `Gray' substituted by `gray' on input line 1359.
Package xcolor Info: Model `wave' substituted by `hsb' on input line 1360.
)
(/usr/local/texlive/2010/texmf-dist/tex/generic/pgf/basiclayer/pgfcore.code.tex
Package: pgfcore 2008/01/15 v2.00 (rcs-revision 1.6)
(/usr/local/texlive/2010/texmf-dist/tex/generic/pgf/math/pgfmath.code.tex
(/usr/local/texlive/2010/texmf-dist/tex/generic/pgf/math/pgfmathcalc.code.tex
(/usr/local/texlive/2010/texmf-dist/tex/generic/pgf/math/pgfmathutil.code.tex
\pgfmath@box=\box34
)
(/usr/local/texlive/2010/texmf-dist/tex/generic/pgf/math/pgfmathparser.code.tex
\pgfmath@stack=\toks31
\c@pgfmath@parsecounta=\count151
\c@pgfmath@parsecountb=\count152
\c@pgfmath@parsecountc=\count153
\pgfmath@parsex=\dimen154
)
(/usr/local/texlive/2010/texmf-dist/tex/generic/pgf/math/pgfmathoperations.code
.tex
(/usr/local/texlive/2010/texmf-dist/tex/generic/pgf/math/pgfmathtrig.code.tex)
(/usr/local/texlive/2010/texmf-dist/tex/generic/pgf/math/pgfmathrnd.code.tex))
(/usr/local/texlive/2010/texmf-dist/tex/generic/pgf/math/pgfmathbase.code.tex))
)
(/usr/local/texlive/2010/texmf-dist/tex/generic/pgf/basiclayer/pgfcorepoints.co
de.tex
File: pgfcorepoints.code.tex 2008/02/03  (rcs-revision 1.13)
\pgf@picminx=\dimen155
\pgf@picmaxx=\dimen156
\pgf@picminy=\dimen157
\pgf@picmaxy=\dimen158
\pgf@pathminx=\dimen159
\pgf@pathmaxx=\dimen160
\pgf@pathminy=\dimen161
\pgf@pathmaxy=\dimen162
\pgf@xx=\dimen163
\pgf@xy=\dimen164
\pgf@yx=\dimen165
\pgf@yy=\dimen166
\pgf@zx=\dimen167
\pgf@zy=\dimen168
)
(/usr/local/texlive/2010/texmf-dist/tex/generic/pgf/basiclayer/pgfcorepathconst
ruct.code.tex
File: pgfcorepathconstruct.code.tex 2008/02/13  (rcs-revision 1.14)
\pgf@path@lastx=\dimen169
\pgf@path@lasty=\dimen170
)
(/usr/local/texlive/2010/texmf-dist/tex/generic/pgf/basiclayer/pgfcorepathusage
.code.tex
File: pgfcorepathusage.code.tex 2008/01/23  (rcs-revision 1.11)
\pgf@shorten@end@additional=\dimen171
\pgf@shorten@start@additional=\dimen172
)
(/usr/local/texlive/2010/texmf-dist/tex/generic/pgf/basiclayer/pgfcorescopes.co
de.tex
File: pgfcorescopes.code.tex 2008/01/15  (rcs-revision 1.26)
\pgfpic=\box35
\pgf@hbox=\box36
\pgf@layerbox@main=\box37
\pgf@picture@serial@count=\count154
)
(/usr/local/texlive/2010/texmf-dist/tex/generic/pgf/basiclayer/pgfcoregraphicst
ate.code.tex
File: pgfcoregraphicstate.code.tex 2007/12/12  (rcs-revision 1.8)
\pgflinewidth=\dimen173
)
(/usr/local/texlive/2010/texmf-dist/tex/generic/pgf/basiclayer/pgfcoretransform
ations.code.tex
File: pgfcoretransformations.code.tex 2008/02/04  (rcs-revision 1.10)
\pgf@pt@x=\dimen174
\pgf@pt@y=\dimen175
\pgf@pt@temp=\dimen176
)
(/usr/local/texlive/2010/texmf-dist/tex/generic/pgf/basiclayer/pgfcorequick.cod
e.tex
File: pgfcorequick.code.tex 2006/10/11  (rcs-revision 1.2)
)
(/usr/local/texlive/2010/texmf-dist/tex/generic/pgf/basiclayer/pgfcoreobjects.c
ode.tex
File: pgfcoreobjects.code.tex 2006/10/11  (rcs-revision 1.2)
)
(/usr/local/texlive/2010/texmf-dist/tex/generic/pgf/basiclayer/pgfcorepathproce
ssing.code.tex
File: pgfcorepathprocessing.code.tex 2008/01/23  (rcs-revision 1.7)
)
(/usr/local/texlive/2010/texmf-dist/tex/generic/pgf/basiclayer/pgfcorearrows.co
de.tex
File: pgfcorearrows.code.tex 2007/06/07  (rcs-revision 1.8)
)
(/usr/local/texlive/2010/texmf-dist/tex/generic/pgf/basiclayer/pgfcoreshade.cod
e.tex
File: pgfcoreshade.code.tex 2007/12/10  (rcs-revision 1.9)
\pgf@max=\dimen177
\pgf@sys@shading@range@num=\count155
)
(/usr/local/texlive/2010/texmf-dist/tex/generic/pgf/basiclayer/pgfcoreimage.cod
e.tex
File: pgfcoreimage.code.tex 2008/01/15  (rcs-revision 1.1)
\pgfexternal@startupbox=\box38
)
(/usr/local/texlive/2010/texmf-dist/tex/generic/pgf/basiclayer/pgfcorelayers.co
de.tex
File: pgfcorelayers.code.tex 2008/01/15  (rcs-revision 1.1)
)
(/usr/local/texlive/2010/texmf-dist/tex/generic/pgf/basiclayer/pgfcoretranspare
ncy.code.tex
File: pgfcoretransparency.code.tex 2008/01/17  (rcs-revision 1.2)
)
(/usr/local/texlive/2010/texmf-dist/tex/generic/pgf/basiclayer/pgfcorepatterns.
code.tex
File: pgfcorepatterns.code.tex 2008/01/15  (rcs-revision 1.1)
)))
(/usr/local/texlive/2010/texmf-dist/tex/generic/pgf/modules/pgfmoduleshapes.cod
e.tex
File: pgfmoduleshapes.code.tex 2008/02/13  (rcs-revision 1.4)
\pgfnodeparttextbox=\box39
\toks@savedmacro=\toks32
)
(/usr/local/texlive/2010/texmf-dist/tex/generic/pgf/modules/pgfmoduleplot.code.
tex
File: pgfmoduleplot.code.tex 2008/01/15  (rcs-revision 1.1)
\pgf@plotwrite=\write4
)
(/usr/local/texlive/2010/texmf-dist/tex/latex/pgf/compatibility/pgfcomp-version
-0-65.sty
Package: pgfcomp-version-0-65 2007/07/03 v2.00 (rcs-revision 1.7)
\pgf@nodesepstart=\dimen178
\pgf@nodesepend=\dimen179
)
(/usr/local/texlive/2010/texmf-dist/tex/latex/pgf/compatibility/pgfcomp-version
-1-18.sty
Package: pgfcomp-version-1-18 2007/07/23 v2.00 (rcs-revision 1.1)
))
(/usr/local/texlive/2010/texmf-dist/tex/latex/pgf/utilities/pgffor.sty
(/usr/local/texlive/2010/texmf-dist/tex/generic/pgf/utilities/pgffor.code.tex
Package: pgffor 2007/11/07 v2.00 (rcs-revision 1.8)
\pgffor@iter=\dimen180
\pgffor@skip=\dimen181
))
(/usr/local/texlive/2010/texmf-dist/tex/generic/pgf/frontendlayer/tikz/tikz.cod
e.tex
Package: tikz 2008/02/13 v2.00 (rcs-revision 1.27)

(/usr/local/texlive/2010/texmf-dist/tex/generic/pgf/libraries/pgflibraryplothan
dlers.code.tex
File: pgflibraryplothandlers.code.tex 2007/03/09 v2.00 (rcs-revision 1.9)
\pgf@plot@mark@count=\count156
\pgfplotmarksize=\dimen182
)
\tikz@lastx=\dimen183
\tikz@lasty=\dimen184
\tikz@lastxsaved=\dimen185
\tikz@lastysaved=\dimen186
\tikzleveldistance=\dimen187
\tikzsiblingdistance=\dimen188
\tikz@figbox=\box40
\tikz@tempbox=\box41
\tikztreelevel=\count157
\tikznumberofchildren=\count158
\tikznumberofcurrentchild=\count159
\tikz@fig@count=\count160

(/usr/local/texlive/2010/texmf-dist/tex/generic/pgf/modules/pgfmodulematrix.cod
e.tex
File: pgfmodulematrix.code.tex 2008/01/15  (rcs-revision 1.1)
\pgfmatrixcurrentrow=\count161
\pgfmatrixcurrentcolumn=\count162
\pgf@matrix@numberofcolumns=\count163
)
\tikz@expandcount=\count164

(/usr/local/texlive/2010/texmf-dist/tex/generic/pgf/frontendlayer/tikz/librarie
s/tikzlibrarytopaths.code.tex
File: tikzlibrarytopaths.code.tex 2008/01/09 v2.00 (rcs-revision 1.1)
))) (./mythesis.sty

LaTeX Warning: You have requested package `mythesis',
               but the package provides `thesis'.

Package: thesis 2005/07/28
(/usr/local/texlive/2010/texmf-dist/tex/latex/hepnames/hepnicenames.sty
Package: hepnicenames 2007/03/07 Friendly alternatives to the PEN particle code
s (version 1.4)

(/usr/local/texlive/2010/texmf-dist/tex/latex/hepnames/heppennames.sty
Package: heppennames 2007/03/07 Elementary Particle Naming Scheme (version 1.4)


(/usr/local/texlive/2010/texmf-dist/tex/latex/hepparticles/hepparticles.sty
Package: hepparticles 2005/02/22 HEP particle typesetting (v1.4)

(/usr/local/texlive/2010/texmf-dist/tex/latex/maybemath/maybemath.sty
Package: maybemath 2005/2/22

(/usr/local/texlive/2010/texmf-dist/tex/latex/tools/bm.sty
Package: bm 2004/02/26 v1.1c Bold Symbol Support (DPC/FMi)
\symboldoperators=\mathgroup5
\symboldletters=\mathgroup6
\symboldsymbols=\mathgroup7
LaTeX Font Info:    Redeclaring math alphabet \mathbf on input line 138.
LaTeX Info: Redefining \bm on input line 204.
)))
(/usr/local/texlive/2010/texmf-dist/tex/latex/tools/xspace.sty
Package: xspace 2006/05/08 v1.12 Space after command names (DPC,MH)
)))
(/usr/local/texlive/2010/texmf-dist/tex/latex/hepunits/hepunits.sty
Package: hepunits 2007/09/27 High-energy physics units by Andy Buckley (v1.1.1)


(./SIunits.sty
Package: SIunits 2007/12/02 v1.36 Support for the International System of units
 (MH)


\@qskwidth=\skip88
\symgreek=\mathgroup8
(/usr/local/texlive/2010/texmf-dist/tex/latex/SIunits/SIunits.cfg)
LaTeX Info: Redefining \usk on input line 576.

Option `mediumspace' provided!
LaTeX Info: Redefining \@qsk on input line 576.
Option `thickqspace' provided!
Option `textstyle' provided!
Option `squaren' provided!
)) (./abhep.sty
Package: abhep 2005/01/17
 (/usr/local/texlive/2010/texmf-dist/tex/latex/cancel/cancel.sty
Package: cancel 2000/03/12 v2.1 Cancel math terms
) (./abhepexpt.sty
Package: abhepexpt 2005/08/22

(/usr/local/texlive/2010/texmf-dist/tex/latex/relsize/relsize.sty
Package: relsize 2003/07/04 ver 3.1
))
(./abmath.sty
Package: abmath 2006/04/12
 (/usr/local/texlive/2010/texmf-dist/tex/latex/braket/braket.sty)
LaTeX Info: Redefining \pm on input line 50.
LaTeX Info: Redefining \mp on input line 52.
LaTeX Info: Redefining \vert on input line 54.
LaTeX Info: Redefining \to on input line 56.
LaTeX Info: Redefining \sim on input line 58.
LaTeX Info: Redefining \implies on input line 60.
LaTeX Info: Redefining \times on input line 63.
LaTeX Info: Redefining \bra on input line 65.
LaTeX Info: Redefining \ket on input line 67.
LaTeX Info: Redefining \braket on input line 69.
LaTeX Info: Redefining \Im on input line 178.
LaTeX Info: Redefining \Re on input line 179.
LaTeX Info: Redefining \d on input line 240.
LaTeX Info: Redefining \exclude on input line 247.
)
\CKMPairWidth=\skip89
LaTeX Font Info:    Try loading font information for U+rsfs on input line 157.
(/usr/local/texlive/2010/texmf-dist/tex/latex/jknapltx/ursfs.fd
File: ursfs.fd 1998/03/24 rsfs font definition file (jk)
))
(/usr/local/texlive/2010/texmf-dist/tex/latex/float/float.sty
Package: float 2001/11/08 v1.3d Float enhancements (AL)
\c@float@type=\count165
\float@exts=\toks33
\float@box=\box42
\@float@everytoks=\toks34
\@floatcapt=\box43
)
(/usr/local/texlive/2010/texmf-dist/tex/latex/acronym/acronym.sty
Package: acronym 2009/10/20 v1.35 Support for acronyms (Tobias Oetiker)

(/usr/local/texlive/2010/texmf-dist/tex/latex/bigfoot/suffix.sty
Package: suffix 2006/07/15 1.5 Variant command support
)
\AC@clearlist=\toks35
)
LaTeX Info: Redefining \parenths on input line 14.
LaTeX Info: Redefining \braces on input line 15.
LaTeX Info: Redefining \angles on input line 16.
LaTeX Info: Redefining \sqbracs on input line 17.
LaTeX Info: Redefining \mods on input line 18.
LaTeX Info: Redefining \modsq on input line 19.
LaTeX Info: Redefining \dblmods on input line 20.
LaTeX Info: Redefining \expOf on input line 21.
LaTeX Info: Redefining \eexp on input line 22.
LaTeX Info: Redefining \plusquad on input line 23.
LaTeX Info: Redefining \logOf on input line 24.
LaTeX Info: Redefining \lnOf on input line 25.
LaTeX Info: Redefining \ofOrder on input line 26.
LaTeX Info: Redefining \SUSY on input line 35.
LaTeX Info: Redefining \SM on input line 36.
LaTeX Info: Redefining \CPv on input line 39.
LaTeX Info: Redefining \LHCb on input line 40.
LaTeX Info: Redefining \LHC on input line 41.
LaTeX Info: Redefining \LEP on input line 42.
LaTeX Info: Redefining \CERN on input line 43.
LaTeX Info: Redefining \GeV on input line 45.
LaTeX Info: Redefining \TeV on input line 46.
LaTeX Info: Redefining \CKM on input line 47.
LaTeX Info: Redefining \ns on input line 50.
LaTeX Info: Redefining \half on input line 63.
LaTeX Info: Redefining \APD on input line 74.
LaTeX Info: Redefining \L1 on input line 86.
)

Package hyperref Warning: Token not allowed in a PDF string (PDFDocEncoding):
(hyperref)                removing `math shift' on input line 20.


Package hyperref Warning: Token not allowed in a PDF string (PDFDocEncoding):
(hyperref)                removing `math shift' on input line 20.


Package hyperref Warning: Token not allowed in a PDF string (PDFDocEncoding):
(hyperref)                removing `math shift' on input line 20.


Package hyperref Warning: Token not allowed in a PDF string (PDFDocEncoding):
(hyperref)                removing `math shift' on input line 20.


Package hyperref Warning: Token not allowed in a PDF string (PDFDocEncoding):
(hyperref)                removing `math shift' on input line 20.


Package hyperref Warning: Token not allowed in a PDF string (PDFDocEncoding):
(hyperref)                removing `math shift' on input line 20.


Package hyperref Warning: Token not allowed in a PDF string (PDFDocEncoding):
(hyperref)                removing `\@Oldalpha' on input line 20.


Package hyperref Warning: Token not allowed in a PDF string (PDFDocEncoding):
(hyperref)                removing `math shift' on input line 20.


Package hyperref Warning: Token not allowed in a PDF string (PDFDocEncoding):
(hyperref)                removing `math shift' on input line 20.


Package hyperref Warning: Token not allowed in a PDF string (PDFDocEncoding):
(hyperref)                removing `math shift' on input line 20.


Package hyperref Warning: Token not allowed in a PDF string (PDFDocEncoding):
(hyperref)                removing `subscript' on input line 20.


Package hyperref Warning: Token not allowed in a PDF string (PDFDocEncoding):
(hyperref)                removing `math shift' on input line 20.


Package hyperref Warning: Token not allowed in a PDF string (PDFDocEncoding):
(hyperref)                removing `math shift' on input line 20.


Package hyperref Warning: Token not allowed in a PDF string (PDFDocEncoding):
(hyperref)                removing `math shift' on input line 20.

Package csquotes Info: Checking for multilingual support...
Package csquotes Info: ... found 'babel' package.
(./mythesis.aux

LaTeX Warning: Label `fig:lhc-ring' multiply defined.

)
\openout1 = `mythesis.aux'.

LaTeX Font Info:    Checking defaults for OML/cmm/m/it on input line 28.
LaTeX Font Info:    ... okay on input line 28.
LaTeX Font Info:    Checking defaults for T1/cmr/m/n on input line 28.
LaTeX Font Info:    ... okay on input line 28.
LaTeX Font Info:    Checking defaults for OT1/cmr/m/n on input line 28.
LaTeX Font Info:    ... okay on input line 28.
LaTeX Font Info:    Checking defaults for OMS/cmsy/m/n on input line 28.
LaTeX Font Info:    ... okay on input line 28.
LaTeX Font Info:    Checking defaults for OMX/cmex/m/n on input line 28.
LaTeX Font Info:    ... okay on input line 28.
LaTeX Font Info:    Checking defaults for U/cmr/m/n on input line 28.
LaTeX Font Info:    ... okay on input line 28.
LaTeX Font Info:    Checking defaults for PD1/pdf/m/n on input line 28.
LaTeX Font Info:    ... okay on input line 28.
LaTeX Font Info:    Checking defaults for TS1/cmr/m/n on input line 28.
LaTeX Font Info:    Try loading font information for TS1+cmr on input line 28.
 (/usr/local/texlive/2010/texmf-dist/tex/latex/base/ts1cmr.fd
File: ts1cmr.fd 1999/05/25 v2.5h Standard LaTeX font definitions
)
LaTeX Font Info:    ... okay on input line 28.
LaTeX Info: Redefining \microtypecontext on input line 28.
Package microtype Info: Generating PDF output.
Package microtype Info: Character protrusion enabled (level 2).
Package microtype Info: Using default protrusion set `alltext'.
Package microtype Info: Automatic font expansion enabled (level 2),
(microtype)             stretch: 20, shrink: 20, step: 1, non-selected.
Package microtype Info: Using default expansion set `basictext'.
Package microtype Info: No tracking.
Package microtype Info: No adjustment of interword spacing.
Package microtype Info: No adjustment of character kerning.

(/usr/local/texlive/2010/texmf-dist/tex/latex/microtype/mt-cmr.cfg
File: mt-cmr.cfg 2009/11/09 v2.0 microtype config. file: Computer Modern Roman 
(RS)
)
(/usr/local/texlive/2010/texmf-dist/tex/context/base/supp-pdf.mkii
[Loading MPS to PDF converter (version 2006.09.02).]
\scratchcounter=\count166
\scratchdimen=\dimen189
\scratchbox=\box44
\nofMPsegments=\count167
\nofMParguments=\count168
\everyMPshowfont=\toks36
\MPscratchCnt=\count169
\MPscratchDim=\dimen190
\MPnumerator=\count170
\everyMPtoPDFconversion=\toks37
) (/usr/local/texlive/2010/texmf-dist/tex/latex/oberdiek/epstopdf-base.sty
Package: epstopdf-base 2010/02/09 v2.5 Base part for package epstopdf

(/usr/local/texlive/2010/texmf-dist/tex/latex/oberdiek/grfext.sty
Package: grfext 2007/09/30 v1.0 Managing graphics extensions (HO)
)
Package grfext Info: Graphics extension search list:
(grfext)             [.png,.pdf,.jpg,.mps,.jpeg,.jbig2,.jb2,.PNG,.PDF,.JPG,.JPE
G,.JBIG2,.JB2,.eps]
(grfext)             \AppendGraphicsExtensions on input line 436.

(/usr/local/texlive/2010/texmf-dist/tex/latex/latexconfig/epstopdf-sys.cfg
File: epstopdf-sys.cfg 2010/07/13 v1.3 Configuration of (r)epstopdf for TeX Liv
e
))
Package caption Info: Begin \AtBeginDocument code.
Package caption3 Info: subfig package 1.2 or 1.3 is loaded.
LaTeX Info: Redefining \subref on input line 28.
Package caption Info: float package is loaded.
Package caption Info: hyperref package is loaded.
Package caption Info: End \AtBeginDocument code.
\AtBeginShipoutBox=\box45
Package hyperref Info: Link coloring ON on input line 28.

(/usr/local/texlive/2010/texmf-dist/tex/latex/hyperref/nameref.sty
Package: nameref 2010/04/30 v2.40 Cross-referencing by name of section

(/usr/local/texlive/2010/texmf-dist/tex/latex/oberdiek/refcount.sty
Package: refcount 2008/08/11 v3.1 Data extraction from references (HO)
)
(/usr/local/texlive/2010/texmf-dist/tex/generic/oberdiek/gettitlestring.sty
Package: gettitlestring 2009/12/18 v1.3 Cleanup title references (HO)
)
\c@section@level=\count171
)
LaTeX Info: Redefining \ref on input line 28.
LaTeX Info: Redefining \pageref on input line 28.
LaTeX Info: Redefining \nameref on input line 28.

(./mythesis.out) (./mythesis.out)
\@outlinefile=\write5
\openout5 = `mythesis.out'.


Option `squaren' provided! 
 Command \squaren defined by SIunits package!

LaTeX Info: Redefining \micro on input line 28.
\openout3 = `comment.cut'.

\c@iterlist=\count172
(./comment.cut (./frontmatter.tex
(/usr/local/texlive/2010/texmf-dist/tex/latex/microtype/mt-eur.cfg
File: mt-eur.cfg 2006/07/31 v1.1 microtype config. file: AMS Euler Roman (RS)
) [1


Non-PDF special ignored!

{/usr/local/texlive/2010/texmf-var/fonts/map/pdftex/updmap/pdftex.map}] [2

] [3

] [4

] [5

]
Package tocbasic Info: character protrusion at toc deactivated on input line 41
.
 (./mythesis.toc [6

])
\tf@toc=\write6
\openout6 = `mythesis.toc'.

 [7]))
\openout3 = `comment.cut'.

 (./comment.cut
(./chap_introduction.tex [1

]
Chapter 1.

Class scrbook Warning: \float@addtolists detected!
(scrbook)              You should use the features of package `tocbasic'
(scrbook)              instead of \float@addtolists.
(scrbook)              Support for \float@addtolists may be removed from
(scrbook)              `scrbook' soon .

Package acronym Info: Label `acro:SM' newly defined as it shall be overridden
although it is yet undefined on input line 4.
Package acronym Info: Label `acro:lhc' newly defined as it shall be overridden
although it is yet undefined on input line 8.
Package acronym Info: Label `acro:SUSY' newly defined as it shall be overridden

although it is yet undefined on input line 8.
Package acronym Info: Label `acro:LSP' newly defined as it shall be overridden
although it is yet undefined on input line 8.
[2

]
Package acronym Info: Label `acro:CMS' newly defined as it shall be overridden
although it is yet undefined on input line 12.
Package acronym Info: Label `acro:ATLAS' newly defined as it shall be overridde
n
although it is yet undefined on input line 12.
Package acronym Info: Label `acro:EPJC' newly defined as it shall be overridden

although it is yet undefined on input line 14.
 [3]
Package acronym Info: Label `acro:SMS' newly defined as it shall be overridden
although it is yet undefined on input line 20.
) (./chap_theory.tex [4]
Chapter 2.
Package acronym Info: Label `acro:QFT' newly defined as it shall be overridden
although it is yet undefined on input line 10.

LaTeX Warning: `!h' float specifier changed to `!ht'.

[5

]
Package acronym Info: Label `acro:QED' newly defined as it shall be overridden
although it is yet undefined on input line 49.
Package acronym Info: Label `acro:QCD' newly defined as it shall be overridden
although it is yet undefined on input line 49.
Package acronym Info: Label `acro:CERN' newly defined as it shall be overridden

although it is yet undefined on input line 51.
Package acronym Info: Label `acro:SPS' newly defined as it shall be overridden
although it is yet undefined on input line 51.
 [6]
Package acronym Info: Label `acro:EWK' newly defined as it shall be overridden
although it is yet undefined on input line 59.
 [7] [8] [9]
LaTeX Font Info:    Try loading font information for OMS+cmr on input line 145.


(/usr/local/texlive/2010/texmf-dist/tex/latex/base/omscmr.fd
File: omscmr.fd 1999/05/25 v2.5h Standard LaTeX font definitions
)
LaTeX Font Info:    Font shape `OMS/cmr/m/n' in size <12> not available
(Font)              Font shape `OMS/cmsy/m/n' tried instead on input line 145.
 [10]
Missing character: There is no É in font cmr12!
 [11]
Missing character: There is no É in font cmr12!
Missing character: There is no É in font cmr12!
)
(./chap_detector.tex [12]
Chapter 3.
Package acronym Info: Label `acro:GCT' newly defined as it shall be overridden
although it is yet undefined on input line 4.

Underfull \hbox (badness 10000) in paragraph at lines 10--12

 []

Package acronym Info: Label `acro:ALICE' newly defined as it shall be overridde
n
although it is yet undefined on input line 13.
Package acronym Info: Label `acro:LHCb' newly defined as it shall be overridden

although it is yet undefined on input line 13.

Underfull \hbox (badness 10000) in paragraph at lines 13--14

 []

[13

] <plots/lhc-ring-photo.png, id=512, 1035.87pt x 1114.1625pt>
File: plots/lhc-ring-photo.png Graphic file (type png)

<use plots/lhc-ring-photo.png>
Package acronym Info: Label `acro:PS' newly defined as it shall be overridden
although it is yet undefined on input line 25.

Underfull \hbox (badness 10000) in paragraph at lines 25--26

 []

[14 <./plots/lhc-ring-photo.png>]
<plots/lhc-lumo-8tev.png, id=542, 578.16pt x 433.62pt>
File: plots/lhc-lumo-8tev.png Graphic file (type png)

<use plots/lhc-lumo-8tev.png>

LaTeX Warning: `!h' float specifier changed to `!ht'.


Underfull \hbox (badness 10000) in paragraph at lines 43--44

 []

[15]
Underfull \hbox (badness 10000) in paragraph at lines 56--57

 []

[16 <./plots/lhc-lumo-8tev.png>]
<plots/cms-detector.png, id=568, 481.8pt x 320.19624pt>
File: plots/cms-detector.png Graphic file (type png)

<use plots/cms-detector.png>

LaTeX Warning: Command \textless invalid in math mode on input line 69.

LaTeX Font Info:    Try loading font information for OML+cmr on input line 69.
(/usr/local/texlive/2010/texmf-dist/tex/latex/base/omlcmr.fd
File: omlcmr.fd 1999/05/25 v2.5h Standard LaTeX font definitions
)
LaTeX Font Info:    Font shape `OML/cmr/m/n' in size <12> not available
(Font)              Font shape `OML/cmm/m/it' tried instead on input line 69.


LaTeX Warning: Command \textless invalid in math mode on input line 69.


Underfull \hbox (badness 10000) in paragraph at lines 69--70

 []

[17 <./plots/cms-detector.png>]
Package acronym Info: Label `acro:ECAL' newly defined as it shall be overridden

although it is yet undefined on input line 76.

Overfull \hbox (7.08237pt too wide) in paragraph at lines 76--77
\OT1/cmr/m/n/12 (-20) Immediately out-side of the tracker, but still within the
 mag-net core, sits the [][][]Electromagnetic
 []


Underfull \hbox (badness 10000) in paragraph at lines 76--77

 []


Underfull \hbox (badness 10000) in paragraph at lines 78--79

 []

Package acronym Info: Label `acro:EB' newly defined as it shall be overridden
although it is yet undefined on input line 80.
Package acronym Info: Label `acro:EE' newly defined as it shall be overridden
although it is yet undefined on input line 80.
Package acronym Info: Label `acro:ES' newly defined as it shall be overridden
although it is yet undefined on input line 81.

Underfull \hbox (badness 10000) in paragraph at lines 80--82

 []

<plots/cms-ecal.png, id=592, 449.0376pt x 244.2726pt>
File: plots/cms-ecal.png Graphic file (type png)
 <use plots/cms-ecal.png>

LaTeX Warning: `!h' float specifier changed to `!ht'.

Package acronym Info: Label `acro:APD' newly defined as it shall be overridden
although it is yet undefined on input line 93.
Package acronym Info: Label `acro:VPT' newly defined as it shall be overridden
although it is yet undefined on input line 93.
[18]
Package acronym Info: Label `acro:HCAL' newly defined as it shall be overridden

although it is yet undefined on input line 99.

Underfull \hbox (badness 10000) in paragraph at lines 99--100

 []


Underfull \hbox (badness 10000) in paragraph at lines 101--102

 []

[19 <./plots/cms-ecal.png>]
<plots/cms-hcal.png, id=648, 429.7656pt x 259.2084pt>
File: plots/cms-hcal.png Graphic file (type png)
 <use plots/cms-hcal.png>
Package acronym Info: Label `acro:HF' newly defined as it shall be overridden
although it is yet undefined on input line 107.
Package acronym Info: Label `acro:HB' newly defined as it shall be overridden
although it is yet undefined on input line 111.
Package acronym Info: Label `acro:HO' newly defined as it shall be overridden
although it is yet undefined on input line 111.
Package acronym Info: Label `acro:HE' newly defined as it shall be overridden
although it is yet undefined on input line 111.

[20 <./plots/cms-hcal.png>]
Package acronym Info: Label `acro:DT' newly defined as it shall be overridden
although it is yet undefined on input line 118.
Package acronym Info: Label `acro:CSC' newly defined as it shall be overridden
although it is yet undefined on input line 118.
Package acronym Info: Label `acro:RPC' newly defined as it shall be overridden
although it is yet undefined on input line 118.

Underfull \hbox (badness 10000) in paragraph at lines 118--119

 []


Underfull \hbox (badness 10000) in paragraph at lines 130--131

 []

[21] [22]
Underfull \hbox (badness 10000) in paragraph at lines 149--150

 []

Package acronym Info: Label `acro:CSV' newly defined as it shall be overridden
although it is yet undefined on input line 151.
Missing character: There is no Þ in font cmr12!
<plots/btag-ttbardiscrim.png, id=729, 506.3718pt x 364.7226pt>
File: plots/btag-ttbardiscrim.png Graphic file (type png)

<use plots/btag-ttbardiscrim.png>
<plots/btag-multijetdiscrim.png, id=730, 506.3718pt x 364.7226pt>
File: plots/btag-multijetdiscrim.png Graphic file (type png)

<use plots/btag-multijetdiscrim.png>
Underfull \hbox (badness 10000) in paragraph at lines 174--175

 []

Package acronym Info: Label `acro:CSVM' newly defined as it shall be overridden

although it is yet undefined on input line 176.
[23] [24 <./plots/btag-ttbardiscrim.png> <./plots/btag-multijetdiscrim.png>]
<plots/btag-csvm_pt_sf.png, id=756, 569.0058pt x 545.8794pt>
File: plots/btag-csvm_pt_sf.png Graphic file (type png)

<use plots/btag-csvm_pt_sf.png>
<plots/btag-csvm_eta_sf.png, id=757, 569.0058pt x 545.8794pt>
File: plots/btag-csvm_eta_sf.png Graphic file (type png)

<use plots/btag-csvm_eta_sf.png>
<plots/btag-csvm_vert_sf.png, id=758, 569.0058pt x 545.8794pt>
File: plots/btag-csvm_vert_sf.png Graphic file (type png)

<use plots/btag-csvm_vert_sf.png>
Missing character: There is no Þ in font cmr12!

<plots/btag-csvmsf.png, id=763, 569.12625pt x 385.44pt>
File: plots/btag-csvmsf.png Graphic file (type png)

<use plots/btag-csvmsf.png>
Missing character: There is no Þ in font cmr10!
Missing character: There is no Þ in font cmr10!
Missing character: There is no Þ in font cmr10!
Missing character: There is no Þ in font cmr10!
Package acronym Info: Label `acro:L1' newly defined as it shall be overridden
although it is yet undefined on input line 212.
 [25 <./plots/btag-csvm_pt_sf.png> <./plots/btag-csvm_eta_sf.png> <./plots/btag
-csvm_vert_sf.png>]
<plots/l1triggersystem.png, id=788, 330.9966pt x 254.3904pt>
File: plots/l1triggersystem.png Graphic file (type png)

<use plots/l1triggersystem.png>
Package acronym Info: Label `acro:HLT' newly defined as it shall be overridden
although it is yet undefined on input line 224.
Package acronym Info: Label `acro:RCT' newly defined as it shall be overridden
although it is yet undefined on input line 229.
Package acronym Info: Label `acro:RMT' newly defined as it shall be overridden
although it is yet undefined on input line 229.
Package acronym Info: Label `acro:GMT' newly defined as it shall be overridden
although it is yet undefined on input line 229.
Package acronym Info: Label `acro:GT' newly defined as it shall be overridden
although it is yet undefined on input line 229.
 [26 <./plots/btag-csvmsf.png, page is rotated 90 degrees>] [27 <./plots/l1trig
gersystem.png>]
Package acronym Info: Label `acro:LUT' newly defined as it shall be overridden
although it is yet undefined on input line 254.
 [28]
<plots/L1JetAlgorithm.png, id=892, 343.0416pt x 176.8206pt>
File: plots/L1JetAlgorithm.png Graphic file (type png)

<use plots/L1JetAlgorithm.png>
Missing character: There is no Ó in font cmr12!
Package acronym Info: Label `acro:EMG' newly defined as it shall be overridden
although it is yet undefined on input line 273.
 [29 <./plots/L1JetAlgorithm.png>]
<plots/jetpt_RunC.png, id=907, 748.7975pt x 624.3325pt>
File: plots/jetpt_RunC.png Graphic file (type png)

<use plots/jetpt_RunC.png>
<plots/jetpt_RunC_PF.png, id=908, 748.7975pt x 624.3325pt>
File: plots/jetpt_RunC_PF.png Graphic file (type png)

<use plots/jetpt_RunC_PF.png>
Overfull \hbox (69.04929pt too wide) in alignment at lines 302--309
[] [] [] [] []
 []

[30] [31 <./plots/jetpt_RunC.png (PNG copy)> <./plots/jetpt_RunC_PF.png (PNG co
py)>] <plots/jetseed_36.png, id=934, 748.7975pt x 624.3325pt>
File: plots/jetseed_36.png Graphic file (type png)

<use plots/jetseed_36.png>
<plots/jetseed_92.png, id=935, 748.7975pt x 624.3325pt>
File: plots/jetseed_92.png Graphic file (type png)

<use plots/jetseed_92.png>
Overfull \hbox (63.17435pt too wide) in alignment at lines 345--351
[] [] [] [] []
 []

<plots/l1rateplot.png, id=940, 339.669pt x 251.0178pt>
File: plots/l1rateplot.png Graphic file (type png)

<use plots/l1rateplot.png> [32 <./plots/jetseed_36.png (PNG copy)> <./plots/jet
seed_92.png (PNG copy)>]
<plots/jetseed_ht100.png, id=950, 698.61pt x 574.145pt>
File: plots/jetseed_ht100.png Graphic file (type png)

<use plots/jetseed_ht100.png>
<plots/jetseed_ht150.png, id=951, 698.61pt x 574.145pt>
File: plots/jetseed_ht150.png Graphic file (type png)

<use plots/jetseed_ht150.png>
Overfull \hbox (39.52237pt too wide) in alignment at lines 386--392
[] [] [] [] []
 []


LaTeX Warning: `!h' float specifier changed to `!ht'.

[33 <./plots/l1rateplot.png> <./plots/jetseed_ht100.png (PNG copy)> <./plots/je
tseed_ht150.png (PNG copy)>]
<plots/jetpt_RunC_calopu.png, id=964, 748.7975pt x 624.3325pt>
File: plots/jetpt_RunC_calopu.png Graphic file (type png)

<use plots/jetpt_RunC_calopu.png>
<plots/jetpt_RunC_pfpu.png, id=965, 748.7975pt x 624.3325pt>
File: plots/jetpt_RunC_pfpu.png Graphic file (type png)

<use plots/jetpt_RunC_pfpu.png>
Overfull \hbox (58.82442pt too wide) in alignment at lines 423--430
[] [] [] [] [] [] []
 []


Overfull \hbox (76.44923pt too wide) in alignment at lines 438--445
[] [] [] [] [] [] []
 []

[34 <./plots/jetpt_RunC_calopu.png (PNG copy)> <./plots/jetpt_RunC_pfpu.png (PN
G copy)>] [35] <plots/res_CaloJet_summary.png, id=989, 1200.485pt x 373.395pt>
File: plots/res_CaloJet_summary.png Graphic file (type png)

<use plots/res_CaloJet_summary.png>
<plots/res_PFJet_summary.png, id=992, 1200.485pt x 373.395pt>
File: plots/res_PFJet_summary.png Graphic file (type png)

<use plots/res_PFJet_summary.png> [36 <./plots/res_CaloJet_summary.png (PNG cop
y)> <./plots/res_PFJet_summary.png (PNG copy)>]) (./chap_alphat.tex [37]
Chapter 4.

Package hyperref Warning: Token not allowed in a PDF string (PDFDocEncoding):
(hyperref)                removing `math shift' on input line 6.


Package hyperref Warning: Token not allowed in a PDF string (PDFDocEncoding):
(hyperref)                removing `math shift' on input line 6.


Package hyperref Warning: Token not allowed in a PDF string (PDFDocEncoding):
(hyperref)                removing `math shift' on input line 6.


Package hyperref Warning: Token not allowed in a PDF string (PDFDocEncoding):
(hyperref)                removing `math shift' on input line 6.


Package hyperref Warning: Token not allowed in a PDF string (PDFDocEncoding):
(hyperref)                removing `math shift' on input line 6.


Package hyperref Warning: Token not allowed in a PDF string (PDFDocEncoding):
(hyperref)                removing `math shift' on input line 6.


Package hyperref Warning: Token not allowed in a PDF string (PDFDocEncoding):
(hyperref)                removing `\@Oldalpha' on input line 6.


Package hyperref Warning: Token not allowed in a PDF string (PDFDocEncoding):
(hyperref)                removing `math shift' on input line 6.


Package hyperref Warning: Token not allowed in a PDF string (PDFDocEncoding):
(hyperref)                removing `math shift' on input line 6.


Package hyperref Warning: Token not allowed in a PDF string (PDFDocEncoding):
(hyperref)                removing `math shift' on input line 6.


Package hyperref Warning: Token not allowed in a PDF string (PDFDocEncoding):
(hyperref)                removing `subscript' on input line 6.


Package hyperref Warning: Token not allowed in a PDF string (PDFDocEncoding):
(hyperref)                removing `math shift' on input line 6.


Package hyperref Warning: Token not allowed in a PDF string (PDFDocEncoding):
(hyperref)                removing `math shift' on input line 6.


Package hyperref Warning: Token not allowed in a PDF string (PDFDocEncoding):
(hyperref)                removing `math shift' on input line 6.

) (./chap_results.tex [38

]
Chapter 5.
))
\openout3 = `comment.cut'.

 (./comment.cut (./appendices.tex [39

]
Appendix A.
[40

] [41]
Appendix B.
<plots/ptresolution_low.png, id=1023, 1158.3275pt x 645.41125pt>
File: plots/ptresolution_low.png Graphic file (type png)

<use plots/ptresolution_low.png>
<plots/ptresolution_medium.png, id=1024, 1156.32pt x 644.4075pt>
File: plots/ptresolution_medium.png Graphic file (type png)

<use plots/ptresolution_medium.png>
<plots/ptresolution_high.png, id=1025, 1154.3125pt x 643.40375pt>
File: plots/ptresolution_high.png Graphic file (type png)

<use plots/ptresolution_high.png>
File: plots/ptresolution_low.png Graphic file (type png)
 <use plots/ptresolution_low.png>
File: plots/ptresolution_medium.png Graphic file (type png)

<use plots/ptresolution_medium.png>
File: plots/ptresolution_high.png Graphic file (type png)
 <use plots/ptresolution_high.png> [42

 <./plots/ptresolution_low.png (PNG copy)>] [43 <./plots/ptresolution_medium.pn
g (PNG copy)> <./plots/ptresolution_high.png (PNG copy)>] [44pdfTeX warning (ex
t4): destination with the same identifier (name{subfigure.\\relax\040B.1.1}) ha
s been already used, duplicate ignored

\AtBegShi@Output ...ipout \box \AtBeginShipoutBox 
                                                  \fi \fi 
l.91 \newpage
             ]
<plots/res_CaloSumET_summary.png, id=1046, 999.735pt x 373.395pt>
File: plots/res_CaloSumET_summary.png Graphic file (type png)

<use plots/res_CaloSumET_summary.png>

LaTeX Warning: `!h' float specifier changed to `!ht'.

<plots/res_pfSumET_summary.png, id=1047, 999.735pt x 373.395pt>
File: plots/res_pfSumET_summary.png Graphic file (type png)

<use plots/res_pfSumET_summary.png>

LaTeX Warning: `!h' float specifier changed to `!ht'.

<plots/res_CaloMET_summary.png, id=1048, 999.735pt x 373.395pt>
File: plots/res_CaloMET_summary.png Graphic file (type png)

<use plots/res_CaloMET_summary.png>

LaTeX Warning: `!h' float specifier changed to `!ht'.

<plots/res_pfMET_summary.png, id=1049, 999.735pt x 373.395pt>
File: plots/res_pfMET_summary.png Graphic file (type png)

<use plots/res_pfMET_summary.png>

LaTeX Warning: `!h' float specifier changed to `!ht'.

<plots/res_CaloHT_summary.png, id=1050, 999.735pt x 373.395pt>
File: plots/res_CaloHT_summary.png Graphic file (type png)

<use plots/res_CaloHT_summary.png>

LaTeX Warning: `!h' float specifier changed to `!ht'.

<plots/res_pfHT_summary.png, id=1051, 999.735pt x 373.395pt>
File: plots/res_pfHT_summary.png Graphic file (type png)

<use plots/res_pfHT_summary.png>

LaTeX Warning: `!h' float specifier changed to `!ht'.

<plots/res_CaloMHT_summary.png, id=1052, 999.735pt x 373.395pt>
File: plots/res_CaloMHT_summary.png Graphic file (type png)

<use plots/res_CaloMHT_summary.png>

LaTeX Warning: `!h' float specifier changed to `!ht'.

<plots/res_pfMHT_summary.png, id=1053, 999.735pt x 373.395pt>
File: plots/res_pfMHT_summary.png Graphic file (type png)

<use plots/res_pfMHT_summary.png>

LaTeX Warning: `!h' float specifier changed to `!ht'.

))
\openout3 = `comment.cut'.

 [45pdfTeX warning (ext4): destination with the same identifier (name{subfigure
.\\relax\040B.0.3}) has been already used, duplicate ignored

\AtBegShi@Output ...ipout \box \AtBeginShipoutBox 
                                                  \fi \fi 
l.57 \end{backmatter}
                     ] [46 <./plots/res_CaloSumET_summary.png (PNG copy)> <./pl
ots/res_pfSumET_summary.png (PNG copy)>] [47 <./plots/res_CaloMET_summary.png (
PNG copy)> <./plots/res_pfMET_summary.png (PNG copy)>] [48 <./plots/res_CaloHT_
summary.png (PNG copy)> <./plots/res_pfHT_summary.png (PNG copy)>] [49 <./plots
/res_CaloMHT_summary.png (PNG copy)> <./plots/res_pfMHT_summary.png (PNG copy)>
] (./comment.cut (./backmatter.tex (./mythesis.bbl [50


]
Missing character: There is no Ã in font cmr12!
Missing character: There is no ¶ in font cmr12!
 [51

]
Underfull \hbox (badness 10000) in paragraph at lines 86--89
[]\OT1/cmr/m/n/12 (+20) C. Col-lab-o-ra-tion,  Cms lu-mi-nos-ity - pub-lic re-s
ults,
 []


Overfull \hbox (71.36787pt too wide) in paragraph at lines 91--94
[]\OT1/cmr/m/n/12 (-20) CERN,  Cms com-pact muon solenoid.,  http://public.web.
cern.ch/public/Objects/LHC/CMSnc.jpg.,
 []

) [52] [53] [54] (./mythesis.lof
Missing character: There is no Þ in font cmr12!
Missing character: There is no Þ in font cmr12!
 [55

] [56])
\tf@lof=\write7
\openout7 = `mythesis.lof'.

 [57] (./mythesis.lot)
\tf@lot=\write8
\openout8 = `mythesis.lot'.

)) [58

]
Package atveryend Info: Empty hook `BeforeClearDocument' on input line 60.
Package atveryend Info: Empty hook `AfterLastShipout' on input line 60.

(./mythesis.aux)
Package atveryend Info: Executing hook `AtVeryEndDocument' on input line 60.
Package rerunfilecheck Info: File `mythesis.out' has not changed.
(rerunfilecheck)             Checksum: E280F45ADCFCBD9215FF18A933022D5A;3118.


LaTeX Warning: There were multiply-defined labels.

 ) 
Here is how much of TeX's memory you used:
 22043 strings out of 493747
 344409 string characters out of 3143546
 504130 words of memory out of 3000000
 24344 multiletter control sequences out of 15000+200000
 34207 words of font info for 181 fonts, out of 3000000 for 9000
 714 hyphenation exceptions out of 8191
 57i,24n,59p,1346b,736s stack positions out of 5000i,500n,10000p,200000b,50000s
</usr/local/texlive/2010/texmf-dist/fonts/type1/public/amsfonts/cm/cmbx10.pfb
></usr/local/texlive/2010/texmf-dist/fonts/type1/public/amsfonts/cm/cmbx12.pfb>
</usr/local/texlive/2010/texmf-dist/fonts/type1/public/amsfonts/cm/cmex10.pfb><
/usr/local/texlive/2010/texmf-dist/fonts/type1/public/amsfonts/cm/cmmi10.pfb></
usr/local/texlive/2010/texmf-dist/fonts/type1/public/amsfonts/cm/cmmi12.pfb></u
sr/local/texlive/2010/texmf-dist/fonts/type1/public/amsfonts/cm/cmmi6.pfb></usr
/local/texlive/2010/texmf-dist/fonts/type1/public/amsfonts/cm/cmmi8.pfb></usr/l
ocal/texlive/2010/texmf-dist/fonts/type1/public/amsfonts/cm/cmmib10.pfb></usr/l
ocal/texlive/2010/texmf-dist/fonts/type1/public/amsfonts/cm/cmr10.pfb></usr/loc
al/texlive/2010/texmf-dist/fonts/type1/public/amsfonts/cm/cmr12.pfb></usr/local
/texlive/2010/texmf-dist/fonts/type1/public/amsfonts/cm/cmr17.pfb></usr/local/t
exlive/2010/texmf-dist/fonts/type1/public/amsfonts/cm/cmr6.pfb></usr/local/texl
ive/2010/texmf-dist/fonts/type1/public/amsfonts/cm/cmr8.pfb></usr/local/texlive
/2010/texmf-dist/fonts/type1/public/amsfonts/cm/cmsl12.pfb></usr/local/texlive/
2010/texmf-dist/fonts/type1/public/amsfonts/cm/cmss8.pfb></usr/local/texlive/20
10/texmf-dist/fonts/type1/public/amsfonts/cm/cmssbx10.pfb></usr/local/texlive/2
010/texmf-dist/fonts/type1/public/amsfonts/cm/cmsy10.pfb></usr/local/texlive/20
10/texmf-dist/fonts/type1/public/amsfonts/cm/cmsy6.pfb></usr/local/texlive/2010
/texmf-dist/fonts/type1/public/amsfonts/cm/cmsy8.pfb></usr/local/texlive/2010/t
exmf-dist/fonts/type1/public/amsfonts/cm/cmti10.pfb></usr/local/texlive/2010/te
xmf-dist/fonts/type1/public/amsfonts/cm/cmti12.pfb></usr/local/texlive/2010/tex
mf-dist/fonts/type1/public/amsfonts/latxfont/line10.pfb>
Output written on mythesis.pdf (65 pages, 2508897 bytes).
PDF statistics:
 1454 PDF objects out of 1728 (max. 8388607)
 1250 compressed objects within 13 object streams
 290 named destinations out of 1000 (max. 500000)
 27172 words of extra memory for PDF output out of 29859 (max. 10000000)

